<?xml version="1.0" encoding="UTF-8"?>
<!-- Generated by org.testng.reporters.JUnitReportReporter -->
<testsuite hostname="LTIN206949" failures="0" tests="3" name="Testcase.TC2_UsedCar" time="15.133" errors="0" timestamp="2024-02-28T16:53:43 IST" skipped="0">
  <testcase classname="Testcase.TC2_UsedCar" name="hoverusedcar_clickChennai1" time="6.728"/>
  <testcase classname="Testcase.TC2_UsedCar" name="printing_popularmodel" time="1.410"/>
  <testcase classname="Testcase.TC2_UsedCar" name="navigateToHome" time="6.995"/>
</testsuite> <!-- Testcase.TC2_UsedCar -->
