<?xml version="1.0" encoding="UTF-8"?>
<!-- Generated by org.testng.reporters.JUnitReportReporter -->
<testsuite hostname="LTIN206949" failures="0" tests="3" name="Testcase.TC1_upcomingHondaBikes" time="68.646" errors="0" timestamp="2024-02-28T16:53:43 IST" skipped="0">
  <testcase classname="Testcase.TC1_upcomingHondaBikes" name="select_Newbikes_upcomingBikes" time="59.109"/>
  <testcase classname="Testcase.TC1_upcomingHondaBikes" name="select_manufac_Honda" time="2.336"/>
  <testcase classname="Testcase.TC1_upcomingHondaBikes" name="validate_HondaBike_under_4L" time="7.201"/>
</testsuite> <!-- Testcase.TC1_upcomingHondaBikes -->
