<?xml version="1.0" encoding="UTF-8"?>
<!-- Generated by org.testng.reporters.JUnitReportReporter -->
<testsuite hostname="LTIN206949" failures="0" tests="6" name="Testcase.BaseClassBike" time="156.773" errors="0" timestamp="2024-02-26T15:53:53 IST" skipped="0">
  <testcase classname="Testcase.BaseClassBike" name="select_Newbikes_upcomingBikes" time="13.645"/>
  <testcase classname="Testcase.BaseClassBike" name="select_manufac_Honda" time="7.676"/>
  <testcase classname="Testcase.BaseClassBike" name="validate_HondaBike_under_4L" time="12.896"/>
  <testcase classname="Testcase.BaseClassBike" name="usedcar" time="86.166"/>
  <testcase classname="Testcase.BaseClassBike" name="navigateToHome" time="14.718"/>
  <testcase classname="Testcase.BaseClassBike" name="LoginWithInvalidEmail" time="21.672"/>
</testsuite> <!-- Testcase.BaseClassBike -->
