<?xml version="1.0" encoding="UTF-8"?>
<!-- Generated by org.testng.reporters.JUnitReportReporter -->
<testsuite hostname="LTIN206949" failures="0" tests="4" name="selenium.Bike" time="78.455" errors="0" timestamp="2024-02-21T12:23:44 IST" skipped="0">
  <testcase classname="selenium.Bike" name="upcomingbike" time="4.871"/>
  <testcase classname="selenium.Bike" name="usedcar" time="48.072"/>
  <testcase classname="selenium.Bike" name="Home" time="6.897"/>
  <testcase classname="selenium.Bike" name="loginInvalidEmail" time="18.615"/>
</testsuite> <!-- selenium.Bike -->
