<?xml version="1.0" encoding="UTF-8"?>
<!-- Generated by org.testng.reporters.JUnitReportReporter -->
<testsuite hostname="LTIN206949" failures="0" tests="2" name="Testcase.TC3_InvalidLogin" time="21.678" errors="0" timestamp="2024-02-28T16:53:43 IST" skipped="0">
  <testcase classname="Testcase.TC3_InvalidLogin" name="LoginWithInvalidEmail" time="7.201"/>
  <testcase classname="Testcase.TC3_InvalidLogin" name="capturingErrorMessage" time="14.477"/>
</testsuite> <!-- Testcase.TC3_InvalidLogin -->
